\BOOKMARK [0][-]{chapter.1}{\376\377\210\114\122\027\137\017}{}% 1
\BOOKMARK [1][-]{section.1.1}{\376\377\133\232\116\111}{chapter.1}% 2
\BOOKMARK [2][-]{subsection.1.1.1}{\376\377\121\340\117\125\133\232\116\111}{section.1.1}% 3
\BOOKMARK [2][-]{subsection.1.1.2}{\376\377\220\006\136\217\133\232\116\111}{section.1.1}% 4
\BOOKMARK [2][-]{subsection.1.1.3}{\376\377\134\125\137\000\133\232\116\111}{section.1.1}% 5
\BOOKMARK [1][-]{section.1.2}{\376\377\140\047\215\050}{chapter.1}% 6
\BOOKMARK [1][-]{section.1.3}{\376\377\221\315\211\201\210\114\122\027\137\017}{chapter.1}% 7
\BOOKMARK [1][-]{section.1.4}{\376\377\210\114\122\027\137\017\166\204\226\115\226\066\140\047\215\050}{chapter.1}% 8
\BOOKMARK [1][-]{section.1.5}{\376\377\116\224\174\173\162\171\153\212\166\204\210\114\122\027\137\017}{chapter.1}% 9
\BOOKMARK [1][-]{section.1.6}{\376\377\121\113\142\311\236\330\154\325\122\031}{chapter.1}% 10
\BOOKMARK [0][-]{chapter.2}{\376\377\167\351\226\065}{}% 11
\BOOKMARK [1][-]{section.2.1}{\376\377\167\351\226\065\133\232\116\111\123\312\162\171\153\212\167\351\226\065}{chapter.2}% 12
\BOOKMARK [2][-]{subsection.2.1.1}{\376\377\167\351\226\065}{section.2.1}% 13
\BOOKMARK [2][-]{subsection.2.1.2}{\376\377\162\171\153\212\167\351\226\065}{section.2.1}% 14
\BOOKMARK [2][-]{subsection.2.1.3}{\376\377\117\064\226\217\167\351\226\065}{section.2.1}% 15
\BOOKMARK [1][-]{section.2.2}{\376\377\167\351\226\065\217\320\173\227}{chapter.2}% 16
\BOOKMARK [1][-]{section.2.3}{\376\377\220\006\167\351\226\065}{chapter.2}% 17
\BOOKMARK [1][-]{section.2.4}{\376\377\122\035\173\111\123\330\143\142\116\016\122\035\173\111\167\351\226\065}{chapter.2}% 18
\BOOKMARK [1][-]{section.2.5}{\376\377\167\351\226\065\166\204\171\351}{chapter.2}% 19
\BOOKMARK [1][-]{section.2.6}{\376\377\154\102\211\343\000\040\000\040\000A\000n\000\040\000\040\166\204\116\011\171\315\140\305\121\265}{chapter.2}% 20
\BOOKMARK [0][-]{chapter.3}{\376\377\176\277\140\047\145\271\172\013\176\304}{}% 21
\BOOKMARK [1][-]{section.3.1}{\376\377\237\120\153\041\176\277\140\047\145\271\172\013\176\304}{chapter.3}% 22
\BOOKMARK [1][-]{section.3.2}{\376\377\227\136\237\120\153\041\176\277\140\047\145\271\172\013\176\304}{chapter.3}% 23
\BOOKMARK [0][-]{chapter.4}{\376\377\124\021\221\317}{}% 24
\BOOKMARK [1][-]{section.4.1}{\376\377\133\232\116\111\116\016\140\047\215\050}{chapter.4}% 25
\BOOKMARK [2][-]{subsection.4.1.1}{\376\377\133\232\116\111}{section.4.1}% 26
\BOOKMARK [2][-]{subsection.4.1.2}{\376\377\152\041}{section.4.1}% 27
\BOOKMARK [2][-]{subsection.4.1.3}{\376\377\121\205\171\357}{section.4.1}% 28
\BOOKMARK [2][-]{subsection.4.1.4}{\376\377\153\143\116\244\140\047}{section.4.1}% 29
\BOOKMARK [2][-]{subsection.4.1.5}{\376\377\140\047\215\050}{section.4.1}% 30
\BOOKMARK [1][-]{section.4.2}{\376\377\124\021\221\317\176\304\166\204\176\277\140\047\166\370\121\163\116\016\176\277\140\047\145\340\121\163}{chapter.4}% 31
\BOOKMARK [2][-]{subsection.4.2.1}{\376\377\133\232\116\111}{section.4.2}% 32
\BOOKMARK [2][-]{subsection.4.2.2}{\376\377\140\047\215\050}{section.4.2}% 33
\BOOKMARK [2][-]{subsection.4.2.3}{\376\377\124\021\221\317\176\304\176\277\140\047\145\340\121\163\140\047\166\204\213\301\146\016}{section.4.2}% 34
\BOOKMARK [1][-]{section.4.3}{\376\377\176\277\140\047\210\150\171\072}{chapter.4}% 35
\BOOKMARK [2][-]{subsection.4.3.1}{\376\377\133\232\116\111}{section.4.3}% 36
\BOOKMARK [2][-]{subsection.4.3.2}{\376\377\140\047\215\050}{section.4.3}% 37
\BOOKMARK [1][-]{section.4.4}{\376\377\124\021\221\317\176\304\173\111\116\367}{chapter.4}% 38
\BOOKMARK [1][-]{section.4.5}{\376\377\147\201\131\047\145\340\121\163\176\304}{chapter.4}% 39
\BOOKMARK [0][-]{chapter.5}{\376\377\162\171\137\201\120\074\116\016\162\171\137\201\124\021\221\317}{}% 40
\BOOKMARK [1][-]{section.5.1}{\376\377\133\232\116\111\116\016\140\047\215\050}{chapter.5}% 41
\BOOKMARK [1][-]{section.5.2}{\376\377\162\171\137\201\120\074\116\016\162\171\137\201\124\021\221\317\166\204\154\102\211\343}{chapter.5}% 42
\BOOKMARK [1][-]{section.5.3}{\376\377\167\351\226\065\166\370\117\074}{chapter.5}% 43
\BOOKMARK [1][-]{section.5.4}{\376\377\166\370\117\074\133\371\211\322\123\026}{chapter.5}% 44
\BOOKMARK [1][-]{section.5.5}{\376\377\166\370\117\074\133\371\211\322\123\026\166\204\154\102\211\343}{chapter.5}% 45
\BOOKMARK [2][-]{subsection.5.5.1}{\376\377\146\156\220\032\145\271\226\065}{section.5.5}% 46
\BOOKMARK [2][-]{subsection.5.5.2}{\376\377\133\371\171\360\167\351\226\065}{section.5.5}% 47
\BOOKMARK [0][-]{chapter.6}{\376\377\116\214\153\041\127\213}{}% 48
\BOOKMARK [1][-]{section.6.1}{\376\377\133\232\116\111}{chapter.6}% 49
\BOOKMARK [1][-]{section.6.2}{\376\377\167\351\226\065\124\010\124\014}{chapter.6}% 50
\BOOKMARK [2][-]{subsection.6.2.1}{\376\377\133\232\116\111}{section.6.2}% 51
\BOOKMARK [2][-]{subsection.6.2.2}{\376\377\123\357\220\006\123\330\143\142}{section.6.2}% 52
\BOOKMARK [2][-]{subsection.6.2.3}{\376\377\122\044\133\232}{section.6.2}% 53
\BOOKMARK [2][-]{subsection.6.2.4}{\376\377\116\214\153\041\127\213\123\026\116\072\150\007\121\306\127\213}{section.6.2}% 54
