\BOOKMARK [0][-]{chapter.1}{\376\377\121\375\145\160\060\001\147\201\226\120\060\001\217\336\176\355}{}% 1
\BOOKMARK [1][-]{section.1.1}{\376\377\121\375\145\160}{chapter.1}% 2
\BOOKMARK [2][-]{subsection.1.1.1}{\376\377\121\375\145\160\166\204\140\047\215\050}{section.1.1}% 3
\BOOKMARK [2][-]{subsection.1.1.2}{\376\377\121\375\145\160}{section.1.1}% 4
\BOOKMARK [1][-]{section.1.2}{\376\377\145\340\172\167\131\047\116\016\145\340\172\167\134\017}{chapter.1}% 5
\BOOKMARK [2][-]{subsection.1.2.1}{\376\377\145\340\172\167\134\017\166\204\122\044\133\232}{section.1.2}% 6
\BOOKMARK [2][-]{subsection.1.2.2}{\376\377\145\340\172\167\134\017\166\204\140\047\215\050}{section.1.2}% 7
\BOOKMARK [2][-]{subsection.1.2.3}{\376\377\145\340\172\167\134\017\166\204\153\324\217\203}{section.1.2}% 8
\BOOKMARK [2][-]{subsection.1.2.4}{\376\377\136\070\165\050\166\204\173\111\116\367\145\340\172\167\134\017\123\312\121\166\146\377\143\142\133\232\164\006}{section.1.2}% 9
\BOOKMARK [2][-]{subsection.1.2.5}{\376\377\145\340\172\167\134\017\166\204\226\066}{section.1.2}% 10
\BOOKMARK [2][-]{subsection.1.2.6}{\376\377\147\201\226\120\124\214\145\340\172\167\134\017\166\204\121\163\174\373}{section.1.2}% 11
\BOOKMARK [2][-]{subsection.1.2.7}{\376\377\145\340\172\167\131\047}{section.1.2}% 12
\BOOKMARK [2][-]{subsection.1.2.8}{\376\377\145\340\172\167\131\047\116\016\145\340\172\167\134\017\166\204\121\163\174\373}{section.1.2}% 13
\BOOKMARK [1][-]{section.1.3}{\376\377\147\201\226\120}{chapter.1}% 14
\BOOKMARK [2][-]{subsection.1.3.1}{\376\377\147\201\226\120\151\202\137\365}{section.1.3}% 15
\BOOKMARK [2][-]{subsection.1.3.2}{\376\377\140\047\215\050}{section.1.3}% 16
\BOOKMARK [2][-]{subsection.1.3.3}{\376\377\147\201\226\120\133\130\127\050\133\232\164\006}{section.1.3}% 17
\BOOKMARK [2][-]{subsection.1.3.4}{\376\377\221\315\211\201\147\201\226\120}{section.1.3}% 18
\BOOKMARK [2][-]{subsection.1.3.5}{\376\377\147\201\226\120\166\204\126\333\122\031\217\320\173\227\154\325\122\031}{section.1.3}% 19
\BOOKMARK [2][-]{subsection.1.3.6}{\376\377\155\033\137\305\217\276\154\325\122\031}{section.1.3}% 20
\BOOKMARK [2][-]{subsection.1.3.7}{\376\377\155\167\126\340\133\232\164\006}{section.1.3}% 21
\BOOKMARK [2][-]{subsection.1.3.8}{\376\377\121\163\116\216\147\201\226\120\166\204\124\175\230\230}{section.1.3}% 22
\BOOKMARK [1][-]{section.1.4}{\376\377\217\336\176\355\116\016\225\364\145\255}{chapter.1}% 23
\BOOKMARK [2][-]{subsection.1.4.1}{\376\377\217\336\176\355\166\204\151\202\137\365}{section.1.4}% 24
\BOOKMARK [2][-]{subsection.1.4.2}{\376\377\217\336\176\355\121\375\145\160\166\204\217\320\173\227\140\047\215\050}{section.1.4}% 25
\BOOKMARK [2][-]{subsection.1.4.3}{\376\377\225\355\123\072\225\364\116\012\121\375\145\160\166\204\140\047\215\050}{section.1.4}% 26
\BOOKMARK [2][-]{subsection.1.4.4}{\376\377\121\375\145\160\217\336\176\355\166\204\136\070\211\301\124\175\230\230}{section.1.4}% 27
\BOOKMARK [2][-]{subsection.1.4.5}{\376\377\225\364\145\255\160\271\123\312\121\166\122\006\174\173}{section.1.4}% 28
\BOOKMARK [0][-]{chapter.2}{\376\377\116\000\121\103\121\375\145\160\166\204\137\256\122\006\133\146}{}% 29
\BOOKMARK [1][-]{section.2.1}{\376\377\133\374\145\160}{chapter.2}% 30
\BOOKMARK [2][-]{subsection.2.1.1}{\376\377\133\374\145\160\166\204\151\202\137\365}{section.2.1}% 31
\BOOKMARK [2][-]{subsection.2.1.2}{\376\377\121\375\145\160\123\357\133\374\166\204\147\141\116\366}{section.2.1}% 32
\BOOKMARK [2][-]{subsection.2.1.3}{\376\377\133\374\145\160\166\204\121\340\117\125\141\017\116\111}{section.2.1}% 33
\BOOKMARK [2][-]{subsection.2.1.4}{\376\377\133\374\145\160\166\204\217\320\173\227}{section.2.1}% 34
\BOOKMARK [1][-]{section.2.2}{\376\377\137\256\122\006}{chapter.2}% 35
\BOOKMARK [2][-]{subsection.2.2.1}{\376\377\137\256\122\006\166\204\151\202\137\365}{section.2.2}% 36
\BOOKMARK [2][-]{subsection.2.2.2}{\376\377\123\357\137\256\116\016\133\374\145\160\166\204\166\204\121\163\174\373}{section.2.2}% 37
\BOOKMARK [2][-]{subsection.2.2.3}{\376\377\137\256\122\006\121\154\137\017\116\016\154\325\122\031}{section.2.2}% 38
\BOOKMARK [1][-]{section.2.3}{\376\377\137\256\122\006\116\055\120\074\133\232\164\006}{chapter.2}% 39
\BOOKMARK [2][-]{subsection.2.3.1}{\376\377\177\127\134\024\133\232\164\006}{section.2.3}% 40
\BOOKMARK [2][-]{subsection.2.3.2}{\376\377\142\311\150\074\147\027\145\345\116\055\120\074\133\232\164\006}{section.2.3}% 41
\BOOKMARK [2][-]{subsection.2.3.3}{\376\377\147\357\211\177\116\055\120\074\133\232\164\006}{section.2.3}% 42
\BOOKMARK [2][-]{subsection.2.3.4}{\376\377\154\360\122\322\116\055\120\074\133\232\164\006}{section.2.3}% 43
\BOOKMARK [1][-]{section.2.4}{\376\377\133\374\145\160\136\224\165\050}{chapter.2}% 44
\BOOKMARK [2][-]{subsection.2.4.1}{\376\377\121\375\145\160\123\125\214\003\122\044\133\232\133\232\164\006}{section.2.4}% 45
\BOOKMARK [1][-]{section.2.5}{\376\377\147\201\120\074}{chapter.2}% 46
\BOOKMARK [2][-]{subsection.2.5.1}{\376\377\133\232\116\111}{section.2.5}% 47
\BOOKMARK [2][-]{subsection.2.5.2}{\376\377\147\201\120\074\166\204\140\047\215\050}{section.2.5}% 48
\BOOKMARK [2][-]{subsection.2.5.3}{\376\377\147\201\120\074\166\204\121\105\122\006\147\141\116\366}{section.2.5}% 49
\BOOKMARK [1][-]{section.2.6}{\376\377\147\000\131\047\120\074\060\001\147\000\134\017\120\074\225\356\230\230}{chapter.2}% 50
\BOOKMARK [2][-]{subsection.2.6.1}{\376\377\121\371\124\021\116\016\142\320\160\271}{section.2.6}% 51
\BOOKMARK [2][-]{subsection.2.6.2}{\376\377\156\020\217\321\176\277\133\232\116\111\123\312\121\166\154\102\154\325}{section.2.6}% 52
\BOOKMARK [1][-]{section.2.7}{\376\377\146\362\163\207\123\312\146\362\163\207\123\112\137\204}{chapter.2}% 53
\BOOKMARK [0][-]{chapter.3}{\376\377\116\000\121\103\121\375\145\160\171\357\122\006\133\146}{}% 54
\BOOKMARK [1][-]{section.3.1}{\376\377\116\015\133\232\171\357\122\006}{chapter.3}% 55
\BOOKMARK [2][-]{subsection.3.1.1}{\376\377\123\237\121\375\145\160}{section.3.1}% 56
\BOOKMARK [2][-]{subsection.3.1.2}{\376\377\116\015\133\232\171\357\122\006}{section.3.1}% 57
\BOOKMARK [2][-]{subsection.3.1.3}{\376\377\116\015\133\232\171\357\122\006\154\325}{section.3.1}% 58
\BOOKMARK [2][-]{subsection.3.1.4}{\376\377\162\171\153\212\174\173\127\213\166\204\116\015\133\232\171\357\122\006\154\325}{section.3.1}% 59
\BOOKMARK [1][-]{section.3.2}{\376\377\133\232\171\357\122\006}{chapter.3}% 60
\BOOKMARK [2][-]{subsection.3.2.1}{\376\377\133\232\171\357\122\006\151\202\137\365}{section.3.2}% 61
\BOOKMARK [2][-]{subsection.3.2.2}{\376\377\133\232\171\357\122\006\166\204\140\047\215\050}{section.3.2}% 62
\BOOKMARK [2][-]{subsection.3.2.3}{\376\377\221\315\211\201\133\232\164\006\060\001\121\154\137\017\060\001\121\163\174\373}{section.3.2}% 63
\BOOKMARK [2][-]{subsection.3.2.4}{\376\377\133\232\171\357\122\006\154\102\154\325}{section.3.2}% 64
\BOOKMARK [2][-]{subsection.3.2.5}{\376\377\136\070\165\050\166\204\133\232\171\357\122\006\121\154\137\017}{section.3.2}% 65
\BOOKMARK [1][-]{section.3.3}{\376\377\123\315\136\070\171\357\122\006}{chapter.3}% 66
\BOOKMARK [2][-]{subsection.3.3.1}{\376\377\145\340\172\167\123\072\225\364\116\012\166\204\123\315\136\070\171\357\122\006}{section.3.3}% 67
\BOOKMARK [2][-]{subsection.3.3.2}{\376\377\145\340\165\114\121\375\145\160\166\204\123\315\136\070\171\357\122\006}{section.3.3}% 68
\BOOKMARK [1][-]{section.3.4}{\376\377\133\232\171\357\122\006\166\204\121\340\117\125\136\224\165\050}{chapter.3}% 69
\BOOKMARK [2][-]{subsection.3.4.1}{\376\377\136\163\227\142\126\376\137\142\154\102\227\142\171\357}{section.3.4}% 70
\BOOKMARK [2][-]{subsection.3.4.2}{\376\377\145\313\217\154\117\123\154\102\117\123\171\357}{section.3.4}% 71
\BOOKMARK [2][-]{subsection.3.4.3}{\376\377\136\163\127\107\120\074}{section.3.4}% 72
\BOOKMARK [2][-]{subsection.3.4.4}{\376\377\136\163\210\114\142\052\227\142\227\142\171\357\135\362\167\345\166\204\172\313\117\123\117\123\171\357}{section.3.4}% 73
\BOOKMARK [2][-]{subsection.3.4.5}{\376\377\136\163\227\142\146\362\176\277\153\265\166\204\137\047\225\177}{section.3.4}% 74
\BOOKMARK [2][-]{subsection.3.4.6}{\376\377\145\313\217\154\146\362\227\142\154\102\117\247\227\142\171\357}{section.3.4}% 75
\BOOKMARK [2][-]{subsection.3.4.7}{\376\377\146\362\176\277\166\204\137\142\137\303\121\154\137\017}{section.3.4}% 76
\BOOKMARK [1][-]{section.3.5}{\376\377\133\232\171\357\122\006\166\204\162\151\164\006\136\224\165\050}{chapter.3}% 77
\BOOKMARK [0][-]{chapter.4}{\376\377\131\032\121\103\121\375\145\160\137\256\122\006\133\146}{}% 78
\BOOKMARK [1][-]{section.4.1}{\376\377\131\032\121\103\121\375\145\160\137\256\122\006\154\325}{chapter.4}% 79
\BOOKMARK [2][-]{subsection.4.1.1}{\376\377\131\032\121\103\121\375\145\160}{section.4.1}% 80
\BOOKMARK [2][-]{subsection.4.1.2}{\376\377\120\117\133\374\145\160}{section.4.1}% 81
\BOOKMARK [2][-]{subsection.4.1.3}{\376\377\121\150\137\256\122\006}{section.4.1}% 82
\BOOKMARK [2][-]{subsection.4.1.4}{\376\377\131\015\124\010\121\375\145\160\137\256\122\006\154\325}{section.4.1}% 83
\BOOKMARK [2][-]{subsection.4.1.5}{\376\377\226\220\121\375\145\160\154\102\133\374}{section.4.1}% 84
\BOOKMARK [1][-]{section.4.2}{\376\377\131\032\121\103\121\375\145\160\147\201\120\074}{chapter.4}% 85
\BOOKMARK [2][-]{subsection.4.2.1}{\376\377\145\340\147\141\116\366\147\201\120\074}{section.4.2}% 86
\BOOKMARK [2][-]{subsection.4.2.2}{\376\377\147\141\116\366\147\201\120\074}{section.4.2}% 87
\BOOKMARK [1][-]{section.4.3}{\376\377\116\214\221\315\171\357\122\006}{chapter.4}% 88
\BOOKMARK [2][-]{subsection.4.3.1}{\376\377\140\047\215\050}{section.4.3}% 89
\BOOKMARK [2][-]{subsection.4.3.2}{\376\377\116\214\221\315\171\357\122\006\166\204\213\241\173\227}{section.4.3}% 90
\BOOKMARK [2][-]{subsection.4.3.3}{\376\377\116\214\221\315\171\357\122\006\166\204\140\047\215\050}{section.4.3}% 91
\BOOKMARK [0][-]{chapter.5}{\376\377\137\256\122\006\145\271\172\013}{}% 92
\BOOKMARK [1][-]{section.5.1}{\376\377\151\202\137\365}{chapter.5}% 93
\BOOKMARK [1][-]{section.5.2}{\376\377\116\000\226\066\137\256\122\006\145\271\172\013}{chapter.5}% 94
\BOOKMARK [2][-]{subsection.5.2.1}{\376\377\123\357\122\006\171\273\123\330\221\317\166\204\116\000\226\066\137\256\122\006\145\271\172\013}{section.5.2}% 95
\BOOKMARK [2][-]{subsection.5.2.2}{\376\377\116\000\226\066\237\120\153\041\137\256\122\006\145\271\172\013}{section.5.2}% 96
\BOOKMARK [2][-]{subsection.5.2.3}{\376\377\116\000\226\066\176\277\140\047\137\256\122\006\145\271\172\013}{section.5.2}% 97
\BOOKMARK [1][-]{section.5.3}{\376\377\123\357\226\115\226\066\166\204\232\330\226\066\137\256\122\006\145\271\172\013}{chapter.5}% 98
\BOOKMARK [1][-]{section.5.4}{\376\377\232\330\226\066\176\277\140\047\137\256\122\006\145\271\172\013}{chapter.5}% 99
\BOOKMARK [2][-]{subsection.5.4.1}{\376\377\232\330\226\066\176\277\140\047\137\256\122\006\145\271\172\013\151\202\137\365}{section.5.4}% 100
\BOOKMARK [2][-]{subsection.5.4.2}{\376\377\176\277\140\047\137\256\122\006\145\271\172\013\211\343\166\204\140\047\215\050\124\214\176\323\147\204}{section.5.4}% 101
\BOOKMARK [2][-]{subsection.5.4.3}{\376\377\136\070\174\373\145\160\237\120\153\041\176\277\140\047\137\256\122\006\145\271\172\013\166\204\154\102\211\343}{section.5.4}% 102
\BOOKMARK [2][-]{subsection.5.4.4}{\376\377\116\214\226\066\136\070\174\373\145\160\176\277\140\047\227\136\237\120\153\041\137\256\122\006\145\271\172\013\166\204\154\102\211\343}{section.5.4}% 103
\BOOKMARK [0][-]{chapter.6}{\376\377\210\145\121\105\176\323\213\272}{}% 104
