\BOOKMARK [0][-]{chapter.1}{\376\377\226\217\147\072\116\213\116\366\124\214\151\202\163\207}{}% 1
\BOOKMARK [1][-]{section.1.1}{\376\377\226\217\147\072\116\213\116\366\060\001\123\344\121\170\116\016\121\340\117\125\151\202\127\213}{chapter.1}% 2
\BOOKMARK [1][-]{section.1.2}{\376\377\116\213\116\366\121\163\174\373\116\016\151\202\163\207\140\047\215\050\123\312\121\154\137\017}{chapter.1}% 3
\BOOKMARK [1][-]{section.1.3}{\376\377\147\141\116\366\151\202\163\207\116\016\116\130\154\325\121\154\137\017}{chapter.1}% 4
\BOOKMARK [1][-]{section.1.4}{\376\377\162\354\172\313\140\047\116\016\117\057\122\252\122\051\151\202\127\213}{chapter.1}% 5
\BOOKMARK [1][-]{section.1.5}{\376\377\121\150\151\202\163\207\121\154\137\017\116\016\215\035\123\366\145\257\121\154\137\017}{chapter.1}% 6
\BOOKMARK [0][-]{chapter.2}{\376\377\226\217\147\072\123\330\221\317\123\312\121\166\122\006\136\003}{}% 7
\BOOKMARK [1][-]{section.2.1}{\376\377\226\217\147\072\123\330\221\317\123\312\121\166\122\006\136\003\121\375\145\160}{chapter.2}% 8
\BOOKMARK [1][-]{section.2.2}{\376\377\136\070\211\301\122\006\136\003}{chapter.2}% 9
\BOOKMARK [2][-]{subsection.2.2.1}{\376\377\171\273\145\143\127\213}{section.2.2}% 10
\BOOKMARK [2][-]{subsection.2.2.2}{\376\377\217\336\176\355\127\213}{section.2.2}% 11
\BOOKMARK [1][-]{section.2.3}{\376\377\226\217\147\072\123\330\221\317\121\375\145\160\166\204\122\006\136\003}{chapter.2}% 12
\BOOKMARK [2][-]{subsection.2.3.1}{\376\377\171\273\145\143\127\213\226\217\147\072\123\330\221\317\121\375\145\160\166\204\122\006\136\003}{section.2.3}% 13
\BOOKMARK [2][-]{subsection.2.3.2}{\376\377\217\336\176\355\127\213\226\217\147\072\123\330\221\317\121\375\145\160\166\204\122\006\136\003}{section.2.3}% 14
\BOOKMARK [0][-]{chapter.3}{\376\377\131\032\176\364\226\217\147\072\123\330\221\317\123\312\121\166\122\006\136\003}{}% 15
\BOOKMARK [1][-]{section.3.1}{\376\377\116\214\176\364\226\217\147\072\123\330\221\317\123\312\121\166\122\006\136\003}{chapter.3}% 16
\BOOKMARK [1][-]{section.3.2}{\376\377\116\214\176\364\171\273\145\143\127\213\226\217\147\072\123\330\221\317}{chapter.3}% 17
\BOOKMARK [1][-]{section.3.3}{\376\377\116\214\176\364\217\336\176\355\127\213\226\217\147\072\123\330\221\317}{chapter.3}% 18
\BOOKMARK [2][-]{subsection.3.3.1}{\376\377\133\232\116\111\116\016\140\047\215\050}{section.3.3}% 19
\BOOKMARK [2][-]{subsection.3.3.2}{\376\377\136\070\211\301\122\006\136\003}{section.3.3}% 20
\BOOKMARK [1][-]{section.3.4}{\376\377\116\214\176\364\226\217\147\072\123\330\221\317\121\375\145\160\166\204\122\006\136\003}{chapter.3}% 21
\BOOKMARK [2][-]{subsection.3.4.1}{\376\377\122\006\136\003\166\204\162\354\172\313\123\357\122\240\140\047}{section.3.4}% 22
\BOOKMARK [2][-]{subsection.3.4.2}{\376\377\116\214\176\364\171\273\145\143\127\213\226\217\147\072\123\330\221\317\121\375\145\160\166\204\122\006\136\003}{section.3.4}% 23
\BOOKMARK [2][-]{subsection.3.4.3}{\376\377\116\214\176\364\217\336\176\355\127\213\226\217\147\072\123\330\221\317\121\375\145\160\166\204\122\006\136\003}{section.3.4}% 24
\BOOKMARK [2][-]{subsection.3.4.4}{\376\377\116\000\171\273\145\143\127\213\116\000\217\336\176\355\127\213\226\217\147\072\123\330\221\317\121\375\145\160\166\204\122\006\136\003}{section.3.4}% 25
\BOOKMARK [2][-]{subsection.3.4.5}{\376\377\147\000\120\074\121\375\145\160}{section.3.4}% 26
\BOOKMARK [0][-]{chapter.4}{\376\377\226\217\147\072\123\330\221\317\166\204\145\160\133\127\162\171\137\201}{}% 27
\BOOKMARK [1][-]{section.4.1}{\376\377\145\160\133\146\147\037\147\033}{chapter.4}% 28
\BOOKMARK [2][-]{subsection.4.1.1}{\376\377\171\273\145\143\127\213\226\217\147\072\123\330\221\317\166\204\145\160\133\146\147\037\147\033}{section.4.1}% 29
\BOOKMARK [2][-]{subsection.4.1.2}{\376\377\217\336\176\355\127\213\226\217\147\072\123\330\221\317\166\204\145\160\133\146\147\037\147\033}{section.4.1}% 30
\BOOKMARK [2][-]{subsection.4.1.3}{\376\377\145\160\133\146\147\037\147\033\166\204\140\047\215\050}{section.4.1}% 31
\BOOKMARK [1][-]{section.4.2}{\376\377\145\271\135\356}{chapter.4}% 32
\BOOKMARK [1][-]{section.4.3}{\376\377\226\217\147\072\123\330\221\317\166\204\123\117\145\271\135\356\124\214\166\370\121\163\174\373\145\160}{chapter.4}% 33
\BOOKMARK [2][-]{subsection.4.3.1}{\376\377\123\117\145\271\135\356}{section.4.3}% 34
\BOOKMARK [2][-]{subsection.4.3.2}{\376\377\166\370\121\163\174\373\145\160}{section.4.3}% 35
\BOOKMARK [2][-]{subsection.4.3.3}{\376\377\122\007\153\324\226\352\131\053\116\015\173\111\137\017}{section.4.3}% 36
