\BOOKMARK [0][-]{chapter.1}{\376\377\121\375\145\160\000\040\000\040\147\201\226\120\000\040\000\040\217\336\176\355}{}% 1
\BOOKMARK [1][-]{section.1.1}{\376\377\121\375\145\160\166\204\140\047\140\001}{chapter.1}% 2
\BOOKMARK [2][-]{subsection.1.1.1}{\376\377\147\011\165\114\140\047\166\204\122\044\133\232}{section.1.1}% 3
\BOOKMARK [2][-]{subsection.1.1.2}{\376\377\133\374\121\375\145\160\060\001\123\237\121\375\145\160\166\204\131\107\120\166\140\047\116\016\124\150\147\037\140\047}{section.1.1}% 4
\BOOKMARK [1][-]{section.1.2}{\376\377\147\201\226\120\166\204\151\202\137\365}{chapter.1}% 5
\BOOKMARK [1][-]{section.1.3}{\376\377\221\315\160\271\000\040\000-\000\040\121\375\145\160\147\201\226\120\166\204\213\241\173\227}{chapter.1}% 6
\BOOKMARK [2][-]{subsection.1.3.1}{\376\377\000\040\0000\000/\0000\000\040\000\040\137\142}{section.1.3}% 7
\BOOKMARK [2][-]{subsection.1.3.2}{\376\377\000\040\000/\000\040\137\142}{section.1.3}% 8
\BOOKMARK [2][-]{subsection.1.3.3}{\376\377\000\040\000-\000\040\000\040\137\142}{section.1.3}% 9
\BOOKMARK [2][-]{subsection.1.3.4}{\376\377\000\040\0000\0000\000\040\000\040\116\016\000\040\000\040\0000\000\040\000\040\137\142}{section.1.3}% 10
\BOOKMARK [2][-]{subsection.1.3.5}{\376\377\000\040\0001\000\040\137\142}{section.1.3}% 11
\BOOKMARK [1][-]{section.1.4}{\376\377\135\362\167\345\147\201\226\120\123\315\154\102\123\302\145\160}{chapter.1}% 12
\BOOKMARK [1][-]{section.1.5}{\376\377\145\340\172\167\134\017\226\066\166\204\153\324\217\203}{chapter.1}% 13
\BOOKMARK [1][-]{section.1.6}{\376\377\221\315\160\271\000\040\000-\000\040\145\160\122\027\147\201\226\120\166\204\213\241\173\227}{chapter.1}% 14
\BOOKMARK [2][-]{subsection.1.6.1}{\376\377\131\071\220\074\133\232\164\006}{section.1.6}% 15
\BOOKMARK [2][-]{subsection.1.6.2}{\376\377\123\125\214\003\147\011\165\114\133\232\164\006}{section.1.6}% 16
\BOOKMARK [2][-]{subsection.1.6.3}{\376\377\133\232\171\357\122\006}{section.1.6}% 17
\BOOKMARK [1][-]{section.1.7}{\376\377\225\364\145\255\160\271\166\204\122\044\133\232}{chapter.1}% 18
\BOOKMARK [0][-]{chapter.2}{\376\377\116\000\121\103\121\375\145\160\137\256\122\006\133\146}{}% 19
\BOOKMARK [1][-]{section.2.1}{\376\377\133\374\145\160\116\016\137\256\122\006\166\204\151\202\137\365}{chapter.2}% 20
\BOOKMARK [1][-]{section.2.2}{\376\377\133\374\145\160\116\016\137\256\122\006\166\204\213\241\173\227}{chapter.2}% 21
\BOOKMARK [1][-]{section.2.3}{\376\377\147\201\221\315\160\271\000\040\000-\000\040\133\374\145\160\136\224\165\050\154\102\122\007\176\277\124\214\154\325\176\277}{chapter.2}% 22
\BOOKMARK [1][-]{section.2.4}{\376\377\133\374\145\160\136\224\165\050\154\102\156\020\217\321\176\277}{chapter.2}% 23
\BOOKMARK [1][-]{section.2.5}{\376\377\133\374\145\160\136\224\165\050\154\102\146\362\163\207}{chapter.2}% 24
\BOOKMARK [1][-]{section.2.6}{\376\377\133\374\145\160\136\224\165\050\154\102\147\201\120\074\116\016\147\000\120\074}{chapter.2}% 25
\BOOKMARK [1][-]{section.2.7}{\376\377\133\374\145\160\136\224\165\050\154\102\121\371\121\370\140\047\116\016\142\320\160\271}{chapter.2}% 26
\BOOKMARK [1][-]{section.2.8}{\376\377\133\374\145\160\136\224\165\050\213\301\146\016\116\015\173\111\137\017}{chapter.2}% 27
\BOOKMARK [1][-]{section.2.9}{\376\377\133\374\145\160\136\224\165\050\154\102\145\271\172\013\166\204\150\071}{chapter.2}% 28
\BOOKMARK [1][-]{section.2.10}{\376\377\137\256\122\006\116\055\120\074\133\232\164\006\213\301\146\016}{chapter.2}% 29
\BOOKMARK [0][-]{chapter.3}{\376\377\116\000\121\103\121\375\145\160\171\357\122\006\133\146}{}% 30
\BOOKMARK [1][-]{section.3.1}{\376\377\133\232\171\357\122\006\166\204\151\202\137\365}{chapter.3}% 31
\BOOKMARK [1][-]{section.3.2}{\376\377\116\015\133\232\171\357\122\006\166\204\213\241\173\227}{chapter.3}% 32
\BOOKMARK [1][-]{section.3.3}{\376\377\133\232\171\357\122\006\166\204\213\241\173\227}{chapter.3}% 33
\BOOKMARK [1][-]{section.3.4}{\376\377\123\315\136\070\171\357\122\006\166\204\213\241\173\227}{chapter.3}% 34
\BOOKMARK [1][-]{section.3.5}{\376\377\123\315\136\070\171\357\122\006\145\133\145\143\140\047\166\204\122\044\145\255}{chapter.3}% 35
\BOOKMARK [1][-]{section.3.6}{\376\377\123\330\226\120\171\357\122\006\121\375\145\160}{chapter.3}% 36
\BOOKMARK [1][-]{section.3.7}{\376\377\133\232\171\357\122\006\136\224\165\050\154\102\227\142\171\357}{chapter.3}% 37
\BOOKMARK [1][-]{section.3.8}{\376\377\133\232\171\357\122\006\136\224\165\050\154\102\117\123\171\357}{chapter.3}% 38
\BOOKMARK [1][-]{section.3.9}{\376\377\133\232\171\357\122\006\136\224\165\050\154\102\137\047\225\177}{chapter.3}% 39
\BOOKMARK [1][-]{section.3.10}{\376\377\133\232\171\357\122\006\136\224\165\050\154\102\117\247\227\142\171\357}{chapter.3}% 40
\BOOKMARK [1][-]{section.3.11}{\376\377\133\232\171\357\122\006\166\204\162\151\164\006\136\224\165\050}{chapter.3}% 41
\BOOKMARK [1][-]{section.3.12}{\376\377\213\301\146\016\124\053\147\011\171\357\122\006\166\204\173\111\137\017\142\026\116\015\173\111\137\017}{chapter.3}% 42
\BOOKMARK [0][-]{chapter.4}{\376\377\210\145\121\105\176\323\213\272}{}% 43
