\BOOKMARK [0][-]{chapter.1}{\376\377\210\114\122\027\137\017}{}% 1
\BOOKMARK [1][-]{section.1.1}{\376\377\154\102\210\114\122\027\137\017\166\204\120\074}{chapter.1}% 2
\BOOKMARK [1][-]{section.1.2}{\376\377\116\343\145\160\117\131\133\120\137\017}{chapter.1}% 3
\BOOKMARK [1][-]{section.1.3}{\376\377\142\275\214\141\167\351\226\065\210\114\122\027\137\017}{chapter.1}% 4
\BOOKMARK [1][-]{section.1.4}{\376\377\154\102\210\114\122\027\137\017\145\271\172\013\166\204\150\071}{chapter.1}% 5
\BOOKMARK [0][-]{chapter.2}{\376\377\167\351\226\065}{}% 6
\BOOKMARK [1][-]{section.2.1}{\376\377\154\102\211\343\116\016\117\064\226\217\167\351\226\065\166\370\121\163\166\204\225\356\230\230}{chapter.2}% 7
\BOOKMARK [1][-]{section.2.2}{\376\377\123\357\220\006\167\351\226\065\166\204\136\224\165\050}{chapter.2}% 8
\BOOKMARK [1][-]{section.2.3}{\376\377\122\035\173\111\123\330\143\142\116\016\122\035\173\111\167\351\226\065\116\113\225\364\166\204\121\163\174\373}{chapter.2}% 9
\BOOKMARK [1][-]{section.2.4}{\376\377\154\102\167\351\226\065\166\204\171\351}{chapter.2}% 10
\BOOKMARK [1][-]{section.2.5}{\376\377\154\102\211\343\167\351\226\065\145\271\172\013}{chapter.2}% 11
\BOOKMARK [1][-]{section.2.6}{\376\377\213\241\173\227\000\040\000\040\000n\000\040\000\040\226\066\167\351\226\065\232\330\153\041\136\102}{chapter.2}% 12
\BOOKMARK [0][-]{chapter.3}{\376\377\124\021\221\317}{}% 13
\BOOKMARK [1][-]{section.3.1}{\376\377\166\370\121\163\140\047}{chapter.3}% 14
\BOOKMARK [1][-]{section.3.2}{\376\377\176\277\140\047\210\150\171\072}{chapter.3}% 15
\BOOKMARK [1][-]{section.3.3}{\376\377\171\351\116\016\147\201\131\047\176\277\140\047\145\340\121\163\176\304}{chapter.3}% 16
\BOOKMARK [0][-]{chapter.4}{\376\377\176\277\140\047\145\271\172\013\176\304}{}% 17
\BOOKMARK [1][-]{section.4.1}{\376\377\211\343\166\204\122\044\133\232}{chapter.4}% 18
\BOOKMARK [1][-]{section.4.2}{\376\377\154\102\220\032\211\343}{chapter.4}% 19
\BOOKMARK [1][-]{section.4.3}{\376\377\145\271\172\013\176\304\166\204\124\014\211\343\116\016\121\154\121\161\211\343}{chapter.4}% 20
\BOOKMARK [0][-]{chapter.5}{\376\377\167\351\226\065\166\204\162\171\137\201\120\074\116\016\162\171\137\201\124\021\221\317}{}% 21
\BOOKMARK [1][-]{section.5.1}{\376\377\167\351\226\065\166\204\162\171\137\201\120\074\116\016\162\171\137\201\124\021\221\317}{chapter.5}% 22
\BOOKMARK [1][-]{section.5.2}{\376\377\166\370\117\074\140\047\166\204\122\044\133\232}{chapter.5}% 23
\BOOKMARK [1][-]{section.5.3}{\376\377\166\370\117\074\133\371\211\322\123\026\166\204\122\044\133\232\116\016\217\320\173\227}{chapter.5}% 24
\BOOKMARK [1][-]{section.5.4}{\376\377\133\236\133\371\171\360\167\351\226\065}{chapter.5}% 25
\BOOKMARK [0][-]{chapter.6}{\376\377\116\214\153\041\127\213}{}% 26
\BOOKMARK [1][-]{section.6.1}{\376\377\116\214\153\041\127\213\123\026\116\072\150\007\121\306\137\142}{chapter.6}% 27
\BOOKMARK [1][-]{section.6.2}{\376\377\124\010\124\014\122\044\133\232}{chapter.6}% 28
\BOOKMARK [1][-]{section.6.3}{\376\377\153\143\133\232\122\044\133\232}{chapter.6}% 29
\BOOKMARK [1][-]{section.6.4}{\376\377\116\044\160\271\140\073\176\323}{chapter.6}% 30
