\BOOKMARK [1][-]{section.0.1}{\376\377\210\114\145\207\220\073\217\221}{}% 1
\BOOKMARK [1][-]{section.0.2}{\376\377\152\041\147\177}{}% 2
\BOOKMARK [2][-]{subsection.0.2.1}{\376\377\123\125\136\105\157\053\165\073}{section.0.2}% 3
\BOOKMARK [2][-]{subsection.0.2.2}{\376\377\133\371\153\324\157\053\165\073}{section.0.2}% 4
\BOOKMARK [0][-]{chapter.1}{\376\377\173\054\116\000\153\265}{}% 5
\BOOKMARK [1][-]{section.1.1}{\376\377\123\125\136\105\157\053\165\073}{chapter.1}% 6
\BOOKMARK [1][-]{section.1.2}{\376\377\133\371\153\324\157\053\165\073}{chapter.1}% 7
\BOOKMARK [1][-]{section.1.3}{\376\377\117\213\133\120\000\040\000-\000\040\123\125\136\105\157\053\165\073}{chapter.1}% 8
\BOOKMARK [2][-]{subsection.1.3.1}{\376\377\0002\0000\0001\0000\173\054\116\000\153\265}{section.1.3}% 9
\BOOKMARK [2][-]{subsection.1.3.2}{\376\377\0002\0000\0000\0007\173\054\116\000\153\265}{section.1.3}% 10
\BOOKMARK [2][-]{subsection.1.3.3}{\376\377\0002\0000\0002\0003\173\054\116\000\153\265}{section.1.3}% 11
\BOOKMARK [2][-]{subsection.1.3.4}{\376\377\0002\0000\0000\0009\173\054\116\000\153\265}{section.1.3}% 12
\BOOKMARK [1][-]{section.1.4}{\376\377\117\213\133\120\000\040\000-\000\040\133\371\153\324\157\053\165\073}{chapter.1}% 13
\BOOKMARK [2][-]{subsection.1.4.1}{\376\377\0002\0000\0001\0006\173\054\116\000\153\265}{section.1.4}% 14
\BOOKMARK [2][-]{subsection.1.4.2}{\376\377\0002\0000\0002\0000\173\054\116\000\153\265}{section.1.4}% 15
\BOOKMARK [0][-]{chapter.2}{\376\377\173\054\116\214\153\265}{}% 16
\BOOKMARK [1][-]{section.2.1}{\376\377\152\041\147\177}{chapter.2}% 17
\BOOKMARK [1][-]{section.2.2}{\376\377\117\213\133\120}{chapter.2}% 18
\BOOKMARK [2][-]{subsection.2.2.1}{\376\377\0002\0000\0000\0007\173\054\116\214\153\265}{section.2.2}% 19
\BOOKMARK [2][-]{subsection.2.2.2}{\376\377\0002\0000\0000\0008\173\054\116\214\153\265}{section.2.2}% 20
\BOOKMARK [2][-]{subsection.2.2.3}{\376\377\0002\0000\0001\0002\173\054\116\214\153\265}{section.2.2}% 21
\BOOKMARK [2][-]{subsection.2.2.4}{\376\377\0002\0000\0002\0001\173\054\116\214\153\265}{section.2.2}% 22
\BOOKMARK [2][-]{subsection.2.2.5}{\376\377\0002\0000\0001\0003\173\054\116\214\153\265}{section.2.2}% 23
\BOOKMARK [2][-]{subsection.2.2.6}{\376\377\0002\0000\0001\0006\173\054\116\214\153\265}{section.2.2}% 24
\BOOKMARK [2][-]{subsection.2.2.7}{\376\377\0002\0000\0001\0008\000/\0002\0000\0002\0002\173\054\116\214\153\265}{section.2.2}% 25
\BOOKMARK [2][-]{subsection.2.2.8}{\376\377\0002\0000\0002\0003\173\054\116\214\153\265}{section.2.2}% 26
\BOOKMARK [2][-]{subsection.2.2.9}{\376\377\137\161\124\315\000\040\000-\000\040\0002\0000\0001\0005\173\054\116\214\153\265}{section.2.2}% 27
\BOOKMARK [0][-]{chapter.3}{\376\377\173\054\116\011\153\265}{}% 28
\BOOKMARK [1][-]{section.3.1}{\376\377\152\041\147\177}{chapter.3}% 29
\BOOKMARK [1][-]{section.3.2}{\376\377\117\213\133\120}{chapter.3}% 30
