\BOOKMARK [0][-]{chapter.1}{\376\377\121\375\145\160\060\001\147\201\226\120\060\001\217\336\176\355}{}% 1
\BOOKMARK [1][-]{section.1.1}{\376\377\121\375\145\160\147\201\226\120\166\204\213\241\173\227}{chapter.1}% 2
\BOOKMARK [1][-]{section.1.2}{\376\377\145\160\122\027\147\201\226\120\166\204\213\241\173\227}{chapter.1}% 3
\BOOKMARK [0][-]{chapter.2}{\376\377\116\000\121\103\121\375\145\160\137\256\122\006\133\146}{}% 4
\BOOKMARK [1][-]{section.2.1}{\376\377\133\374\145\160\136\224\165\050\154\102\147\201\120\074\147\000\120\074}{chapter.2}% 5
\BOOKMARK [1][-]{section.2.2}{\376\377\133\374\145\160\154\102\121\371\121\370\140\047\116\016\142\320\160\271}{chapter.2}% 6
\BOOKMARK [1][-]{section.2.3}{\376\377\133\374\145\160\136\224\165\050\213\301\146\016\116\015\173\111\137\017}{chapter.2}% 7
\BOOKMARK [1][-]{section.2.4}{\376\377\133\374\145\160\133\232\116\111\154\102\145\271\172\013\166\204\150\071}{chapter.2}% 8
\BOOKMARK [1][-]{section.2.5}{\376\377\177\127\134\024\116\055\120\074\133\232\164\006\213\301\146\016\230\230}{chapter.2}% 9
\BOOKMARK [1][-]{section.2.6}{\376\377\142\311\150\074\147\027\145\345\116\055\120\074\133\232\164\006\213\301\146\016}{chapter.2}% 10
\BOOKMARK [1][-]{section.2.7}{\376\377\154\360\122\322\116\055\120\074\133\232\164\006}{chapter.2}% 11
\BOOKMARK [0][-]{chapter.3}{\376\377\116\000\121\103\121\375\145\160\171\357\122\006\133\146}{}% 12
\BOOKMARK [1][-]{section.3.1}{\376\377\133\232\171\357\122\006\166\204\213\241\173\227}{chapter.3}% 13
\BOOKMARK [1][-]{section.3.2}{\376\377\123\330\226\120\171\357\122\006\121\375\145\160\166\204\213\241\173\227}{chapter.3}% 14
\BOOKMARK [1][-]{section.3.3}{\376\377\123\315\136\070\171\357\122\006\166\204\213\241\173\227}{chapter.3}% 15
\BOOKMARK [1][-]{section.3.4}{\376\377\133\232\171\357\122\006\166\204\121\340\117\125\136\224\165\050}{chapter.3}% 16
\BOOKMARK [1][-]{section.3.5}{\376\377\133\232\171\357\122\006\162\151\164\006\136\224\165\050}{chapter.3}% 17
\BOOKMARK [1][-]{section.3.6}{\376\377\122\007\153\324\226\352\131\053\116\015\173\111\137\017\124\214\147\357\211\177\116\015\173\111\137\017}{chapter.3}% 18
\BOOKMARK [0][-]{chapter.4}{\376\377\137\256\122\006\145\271\172\013}{}% 19
\BOOKMARK [1][-]{section.4.1}{\376\377\116\000\226\066\137\256\122\006\145\271\172\013}{chapter.4}% 20
\BOOKMARK [1][-]{section.4.2}{\376\377\116\214\226\066\176\277\140\047\137\256\122\006\145\271\172\013}{chapter.4}% 21
\BOOKMARK [1][-]{section.4.3}{\376\377\137\256\122\006\145\271\172\013\176\374\124\010\230\230}{chapter.4}% 22
\BOOKMARK [0][-]{chapter.5}{\376\377\116\214\221\315\171\357\122\006}{}% 23
\BOOKMARK [1][-]{section.5.1}{\376\377\116\244\143\142\171\357\122\006\153\041\136\217}{chapter.5}% 24
\BOOKMARK [1][-]{section.5.2}{\376\377\116\214\221\315\171\357\122\006\166\204\213\241\173\227}{chapter.5}% 25
