\BOOKMARK [0][-]{chapter.1}{\376\377\136\372\213\256\117\341}{}% 1
\BOOKMARK [1][-]{section.1.1}{\376\377\0002\0000\0001\0002\202\361\000I}{chapter.1}% 2
\BOOKMARK [1][-]{section.1.2}{\376\377\0002\0000\0002\0001\202\361\000I}{chapter.1}% 3
\BOOKMARK [1][-]{section.1.3}{\376\377\0002\0000\0001\0001\202\361\000I\000I}{chapter.1}% 4
\BOOKMARK [1][-]{section.1.4}{\376\377\0002\0000\0001\0006\202\361\000I\000I}{chapter.1}% 5
\BOOKMARK [1][-]{section.1.5}{\376\377\0002\0000\0001\0004\202\361\000I}{chapter.1}% 6
\BOOKMARK [0][-]{chapter.2}{\376\377\220\200\213\367\117\341}{}% 7
\BOOKMARK [1][-]{section.2.1}{\376\377\0002\0000\0002\0002\202\361\000I\000I}{chapter.2}% 8
\BOOKMARK [1][-]{section.2.2}{\376\377\0002\0000\0002\0001\202\361\000I\000I}{chapter.2}% 9
\BOOKMARK [1][-]{section.2.3}{\376\377\0002\0000\0001\0003\202\361\000I\000I}{chapter.2}% 10
\BOOKMARK [1][-]{section.2.4}{\376\377\0002\0000\0001\0003\202\361\000I}{chapter.2}% 11
\BOOKMARK [0][-]{chapter.3}{\376\377\143\250\203\120\117\341}{}% 12
\BOOKMARK [1][-]{section.3.1}{\376\377\0002\0000\0001\0001\202\361\000I}{chapter.3}% 13
\BOOKMARK [1][-]{section.3.2}{\376\377\0002\0000\0001\0005\202\361\000I}{chapter.3}% 14
\BOOKMARK [1][-]{section.3.3}{\376\377\0002\0000\0001\0007\202\361\000I}{chapter.3}% 15
\BOOKMARK [1][-]{section.3.4}{\376\377\0002\0000\0002\0003\202\361\000I\000I}{chapter.3}% 16
\BOOKMARK [0][-]{chapter.4}{\376\377\116\313\176\315\117\341}{}% 17
\BOOKMARK [1][-]{section.4.1}{\376\377\0002\0000\0001\0007\202\361\000I\000I}{chapter.4}% 18
\BOOKMARK [1][-]{section.4.2}{\376\377\0002\0000\0001\0009\202\361\000I}{chapter.4}% 19
\BOOKMARK [0][-]{chapter.5}{\376\377\117\116\230\221\174\173\127\213}{}% 20
\BOOKMARK [1][-]{section.5.1}{\376\377\141\037\214\042\117\341\000\040\000-\000\040\0002\0000\0001\0000\202\361\000I\000I}{chapter.5}% 21
\BOOKMARK [1][-]{section.5.2}{\376\377\142\225\213\311\117\341\000\040\000-\000\040\0002\0000\0001\0002\202\361\000I\000I}{chapter.5}% 22
\BOOKMARK [1][-]{section.5.3}{\376\377\220\123\153\111\117\341\000\040\000-\000\040\0002\0000\0001\0008\202\361\000I\000I}{chapter.5}% 23
\BOOKMARK [1][-]{section.5.4}{\376\377\217\236\200\114\117\341\000\040\000-\000\040\0002\0000\0000\0005\202\361\000I}{chapter.5}% 24
\BOOKMARK [1][-]{section.5.5}{\376\377\213\367\154\102\117\341\000\040\000-\000\040\0002\0000\0000\0006\202\361\000I}{chapter.5}% 25
\BOOKMARK [0][-]{chapter.6}{\376\377\220\032\167\345}{}% 26
\BOOKMARK [1][-]{section.6.1}{\376\377\0002\0000\0001\0000\202\361\000I}{chapter.6}% 27
\BOOKMARK [1][-]{section.6.2}{\376\377\0002\0000\0002\0003\202\361\000I}{chapter.6}% 28
\BOOKMARK [1][-]{section.6.3}{\376\377\0002\0000\0001\0006\202\361\000I}{chapter.6}% 29
\BOOKMARK [1][-]{section.6.4}{\376\377\0002\0000\0002\0000\202\361\000I}{chapter.6}% 30
\BOOKMARK [0][-]{chapter.7}{\376\377\000\050\217\203\226\276\166\204\000\051\136\372\213\256\117\341}{}% 31
\BOOKMARK [1][-]{section.7.1}{\376\377\0002\0000\0001\0009\202\361\000I\000I}{chapter.7}% 32
